

***********************************************************************
Fatal NI connect error 12535, connecting to:
 (DESCRIPTION=(ADDRESS=(PROTOCOL=TCP)(HOST=2003s-sgts-test)(PORT=1521))(CONNECT_DATA=(SERVICE_NAME=SGTS)(CID=(PROGRAM=U:\bin\sgts.exe)(HOST=S1)(USER=?????????????))))

  VERSION INFORMATION:
	TNS for 32-bit Windows: Version 9.2.0.1.0 - Production
	Windows NT TCP/IP NT Protocol Adapter for 32-bit Windows: Version 9.2.0.1.0 - Production
  Time: 08-СЕН-2008 16:02:15
  Tracing not turned on.
  Tns error struct:
    nr err code: 0
    ns main err code: 12535
    TNS-12535: TNS:таймаут операции
    ns secondary err code: 12560
    nt main err code: 505
    TNS-00505: Таймаут операции
    nt secondary err code: 60
    nt OS err code: 0


***********************************************************************
Fatal NI connect error 12535, connecting to:
 (DESCRIPTION=(ADDRESS=(PROTOCOL=TCP)(HOST=2003s-sgts-work)(PORT=1521))(CONNECT_DATA=(SERVICE_NAME=SGTS)(CID=(PROGRAM=U:\bin\sgts.exe)(HOST=S1)(USER=?????????????))))

  VERSION INFORMATION:
	TNS for 32-bit Windows: Version 9.2.0.1.0 - Production
	Windows NT TCP/IP NT Protocol Adapter for 32-bit Windows: Version 9.2.0.1.0 - Production
  Time: 08-СЕН-2008 16:34:43
  Tracing not turned on.
  Tns error struct:
    nr err code: 0
    ns main err code: 12535
    TNS-12535: TNS:таймаут операции
    ns secondary err code: 12560
    nt main err code: 505
    TNS-00505: Таймаут операции
    nt secondary err code: 60
    nt OS err code: 0


***********************************************************************
Fatal NI connect error 12535, connecting to:
 (DESCRIPTION=(ADDRESS=(PROTOCOL=TCP)(HOST=2003s-sgts-work)(PORT=1521))(CONNECT_DATA=(SERVICE_NAME=SGTS)(CID=(PROGRAM=U:\bin\sgts.exe)(HOST=S1)(USER=?????????????))))

  VERSION INFORMATION:
	TNS for 32-bit Windows: Version 9.2.0.1.0 - Production
	Windows NT TCP/IP NT Protocol Adapter for 32-bit Windows: Version 9.2.0.1.0 - Production
  Time: 07-ОКТ-2008 22:19:31
  Tracing not turned on.
  Tns error struct:
    nr err code: 0
    ns main err code: 12535
    TNS-12535: TNS:таймаут операции
    ns secondary err code: 12560
    nt main err code: 505
    TNS-00505: Таймаут операции
    nt secondary err code: 60
    nt OS err code: 0


***********************************************************************
Fatal NI connect error 12535, connecting to:
 (DESCRIPTION=(ADDRESS=(PROTOCOL=TCP)(HOST=2003s-sgts-work)(PORT=1521))(CONNECT_DATA=(SERVICE_NAME=SGTS)(CID=(PROGRAM=U:\bin\sgts.exe)(HOST=S1)(USER=?????????????))))

  VERSION INFORMATION:
	TNS for 32-bit Windows: Version 9.2.0.1.0 - Production
	Windows NT TCP/IP NT Protocol Adapter for 32-bit Windows: Version 9.2.0.1.0 - Production
  Time: 26-ОКТ-2008 14:17:55
  Tracing not turned on.
  Tns error struct:
    nr err code: 0
    ns main err code: 12535
    TNS-12535: TNS:таймаут операции
    ns secondary err code: 12560
    nt main err code: 505
    TNS-00505: Таймаут операции
    nt secondary err code: 60
    nt OS err code: 0


***********************************************************************
Fatal NI connect error 12535, connecting to:
 (DESCRIPTION=(ADDRESS=(PROTOCOL=TCP)(HOST=2003s-sgts-test)(PORT=1521))(CONNECT_DATA=(SERVICE_NAME=SGTS)(CID=(PROGRAM=U:\bin\sgts.exe)(HOST=S1)(USER=?????????????))))

  VERSION INFORMATION:
	TNS for 32-bit Windows: Version 9.2.0.1.0 - Production
	Windows NT TCP/IP NT Protocol Adapter for 32-bit Windows: Version 9.2.0.1.0 - Production
  Time: 27-НОЯ-2008 11:02:50
  Tracing not turned on.
  Tns error struct:
    nr err code: 0
    ns main err code: 12535
    TNS-12535: TNS:таймаут операции
    ns secondary err code: 12560
    nt main err code: 505
    TNS-00505: Таймаут операции
    nt secondary err code: 60
    nt OS err code: 0


***********************************************************************
Fatal NI connect error 12535, connecting to:
 (DESCRIPTION=(ADDRESS=(PROTOCOL=TCP)(HOST=2003s-sgts-test)(PORT=1521))(CONNECT_DATA=(SERVICE_NAME=SGTS)(CID=(PROGRAM=U:\bin\sgts.exe)(HOST=S1)(USER=?????????????))))

  VERSION INFORMATION:
	TNS for 32-bit Windows: Version 9.2.0.1.0 - Production
	Windows NT TCP/IP NT Protocol Adapter for 32-bit Windows: Version 9.2.0.1.0 - Production
  Time: 27-НОЯ-2008 11:03:16
  Tracing not turned on.
  Tns error struct:
    nr err code: 0
    ns main err code: 12535
    TNS-12535: TNS:таймаут операции
    ns secondary err code: 12560
    nt main err code: 505
    TNS-00505: Таймаут операции
    nt secondary err code: 60
    nt OS err code: 0


***********************************************************************
Fatal NI connect error 12535, connecting to:
 (DESCRIPTION=(ADDRESS=(PROTOCOL=TCP)(HOST=2003s-sgts-test)(PORT=1521))(CONNECT_DATA=(SERVICE_NAME=SGTS)(CID=(PROGRAM=U:\bin\sgts.exe)(HOST=S1)(USER=?????????????))))

  VERSION INFORMATION:
	TNS for 32-bit Windows: Version 9.2.0.1.0 - Production
	Windows NT TCP/IP NT Protocol Adapter for 32-bit Windows: Version 9.2.0.1.0 - Production
  Time: 27-НОЯ-2008 11:17:36
  Tracing not turned on.
  Tns error struct:
    nr err code: 0
    ns main err code: 12535
    TNS-12535: TNS:таймаут операции
    ns secondary err code: 12560
    nt main err code: 505
    TNS-00505: Таймаут операции
    nt secondary err code: 60
    nt OS err code: 0


***********************************************************************
Fatal NI connect error 12560, connecting to:
 (DESCRIPTION=(ADDRESS=(PROTOCOL=TCP)(HOST=2003s-sgts-test)(PORT=1521))(CONNECT_DATA=(SERVICE_NAME=SGTS)(CID=(PROGRAM=U:\bin\sgts.exe)(HOST=S1)(USER=?????????????))))

  VERSION INFORMATION:
	TNS for 32-bit Windows: Version 9.2.0.1.0 - Production
	Windows NT TCP/IP NT Protocol Adapter for 32-bit Windows: Version 9.2.0.1.0 - Production
  Time: 01-ДЕК-2008 17:02:52
  Tracing not turned on.
  Tns error struct:
    nr err code: 0
    ns main err code: 12560
    TNS-12560: TNS:ошибка адаптера протокола
    ns secondary err code: 0
    nt main err code: 530
    TNS-00530: Ошибка адаптера протокола
    nt secondary err code: 53
    nt OS err code: 0


***********************************************************************
Fatal NI connect error 12560, connecting to:
 (DESCRIPTION=(ADDRESS=(PROTOCOL=TCP)(HOST=2003s-sgts-emp)(PORT=1521))(CONNECT_DATA=(SERVICE_NAME=sgts)(CID=(PROGRAM=U:\bin\sgts.exe)(HOST=S1)(USER=?????????????))))

  VERSION INFORMATION:
	TNS for 32-bit Windows: Version 9.2.0.1.0 - Production
	Windows NT TCP/IP NT Protocol Adapter for 32-bit Windows: Version 9.2.0.1.0 - Production
  Time: 13-ЯНВ-2009 12:33:48
  Tracing not turned on.
  Tns error struct:
    nr err code: 0
    ns main err code: 12560
    TNS-12560: TNS:ошибка адаптера протокола
    ns secondary err code: 0
    nt main err code: 530
    TNS-00530: Ошибка адаптера протокола
    nt secondary err code: 53
    nt OS err code: 0
